PID : 17724
name : Code.exe
username : SwatisThinkPad6\Swati Rankhamb
status : running
Thred_Count : 13 
file_count : 15 
start_time : 2026-02-20_14:32:27
CPU % : 4.00
Memory % : 7.47
--------------------------------------------------------------------
PID : 18932
name : Code.exe
username : SwatisThinkPad6\Swati Rankhamb
status : running
Thred_Count : 27 
file_count : 23 
start_time : 2026-02-20_14:32:11
CPU % : 0.00
Memory % : 4.04
--------------------------------------------------------------------
PID : 10180
name : explorer.exe
username : SwatisThinkPad6\Swati Rankhamb
status : running
Thred_Count : 121 
file_count : 85 
start_time : 2026-02-20_14:11:09
CPU % : 13.10
Memory % : 3.91
--------------------------------------------------------------------
PID : 16388
name : Code.exe
username : SwatisThinkPad6\Swati Rankhamb
status : running
Thred_Count : 20 
file_count : 57 
start_time : 2026-02-20_14:32:05
CPU % : 0.40
Memory % : 3.62
--------------------------------------------------------------------
PID : 5376
name : MsMpEng.exe
username : None
status : running
Thred_Count : 42 
file_count : 0 
start_time : 2026-02-20_14:11:02
CPU % : 139.60
Memory % : 3.44
--------------------------------------------------------------------
PID : 9104
name : chrome.exe
username : SwatisThinkPad6\Swati Rankhamb
status : running
Thred_Count : 22 
file_count : 53 
start_time : 2026-02-20_14:57:35
CPU % : 0.20
Memory % : 2.93
--------------------------------------------------------------------
PID : 14936
name : WhatsApp.Root.exe
username : SwatisThinkPad6\Swati Rankhamb
status : running
Thred_Count : 34 
file_count : 119 
start_time : 2026-02-20_14:12:44
CPU % : 0.00
Memory % : 2.62
--------------------------------------------------------------------
PID : 8796
name : OneDrive.exe
username : SwatisThinkPad6\Swati Rankhamb
status : running
Thred_Count : 40 
file_count : 52 
start_time : 2026-02-20_14:11:42
CPU % : 3.20
Memory % : 2.53
--------------------------------------------------------------------
PID : 8340
name : chrome.exe
username : SwatisThinkPad6\Swati Rankhamb
status : running
Thred_Count : 45 
file_count : 149 
start_time : 2026-02-20_14:22:20
CPU % : 0.20
Memory % : 2.42
--------------------------------------------------------------------
PID : 15276
name : WhatsApp.Root.exe
username : SwatisThinkPad6\Swati Rankhamb
status : running
Thred_Count : 34 
file_count : 118 
start_time : 2026-02-20_14:12:37
CPU % : 0.00
Memory % : 2.41
--------------------------------------------------------------------
