--------------------------------------------------------------------------------
---------------------------------Marvellous Script ----------------------------
--------------------------------------------------------------------------------
AutomationScript1.java
CheckSumCalculate.java
CheckSumCalculateDirectory.java
CheckSumCalculateDirectoryStore.java
CheckSumProject.java
CommandLine.java
CommandLine1.java
CommandLine2.java
CommandLine3.java
CommandLine4.java
CommandLine5.java
DirectoryAutomation1.java
DirectoryAutomation2.java
DirectoryAutomation3.java
DirectoryAutomationEmptyDelete.java
DirectoryAutomationEmptyDeleteReport.java
DirectoryAutomationEmptyDeleteReportLog.java
DirectoryAutomationEmptyDeleteReportLogTime.java
DirectoryAutomationEmptyDeleteReportLogTimeStamp.java
DirectoryAutomationEmptyDeleteReportLogTimeStampSchedule.java
DirectoryScan1.java
DirectoryScan2.java
DirectoryScan3.java
DirectoryScan4.java
Scheduler1.java
Scheduler2.java
Scheduler3.java
Scheduler4.java
DirectoryScan1.java
FileIo1.java
FileIoException.java
FileIoExceptionAppend.java
FileIoExceptionRead.java
FileIoExceptionReadSeek.java
FileIoExceptionReadSeekX.java
FileIoExceptionReadSeekXX.java
FileIoExceptionReadTell.java
FileIoExceptionReadX.java
FileIoExceptionWrite.java
FileIoExceptionWriteX.java
FileIoExceptionX.java
FileIoExist.java
FileIoFunctions.java
FileIoFunctionsX.java
FileIoPath.java
FileIoPathChange.java
FileIoPathRemove.java
Scheduler1 - Copy.java
Scheduler2 - Copy.java
Scheduler3 copy.java
--------------------------------------------------------------------------------
Total File Scanned: 55
.py File Count : 50
--------------------------------------------------------------------------------
